-------------------------------------------------------------------------------
Test set: linkservice.index.IndexerTest
-------------------------------------------------------------------------------
Tests run: 1, Failures: 0, Errors: 1, Skipped: 0, Time elapsed: 7.249 sec <<< FAILURE!
linkservice.index.IndexerTest  Time elapsed: 7.248 sec  <<< ERROR!
java.lang.RuntimeException: java.io.FileNotFoundException: _0.cfs
	at org.apache.lucene.index.TieredMergePolicy$SegmentByteSizeDescending.compare(TieredMergePolicy.java:249)
	at org.apache.lucene.index.TieredMergePolicy$SegmentByteSizeDescending.compare(TieredMergePolicy.java:235)
	at java.util.TimSort.countRunAndMakeAscending(TimSort.java:324)
	at java.util.TimSort.sort(TimSort.java:189)
	at java.util.TimSort.sort(TimSort.java:173)
	at java.util.Arrays.sort(Arrays.java:659)
	at java.util.Collections.sort(Collections.java:217)
	at org.apache.lucene.index.TieredMergePolicy.findMerges(TieredMergePolicy.java:279)
	at org.apache.lucene.index.IndexWriter.updatePendingMerges(IndexWriter.java:1965)
	at org.apache.lucene.index.IndexWriter.maybeMerge(IndexWriter.java:1935)
	at org.apache.lucene.index.IndexWriter.flush(IndexWriter.java:3059)
	at org.apache.lucene.index.IndexWriter.closeInternal(IndexWriter.java:987)
	at org.apache.lucene.index.IndexWriter.close(IndexWriter.java:931)
	at org.apache.lucene.index.IndexWriter.close(IndexWriter.java:893)
	at linkservice.index.Indexer.close(Indexer.java:243)
	at linkservice.index.IndexerTest.setUp(IndexerTest.java:71)
	at sun.reflect.NativeMethodAccessorImpl.invoke0(Native Method)
	at sun.reflect.NativeMethodAccessorImpl.invoke(NativeMethodAccessorImpl.java:57)
	at sun.reflect.DelegatingMethodAccessorImpl.invoke(DelegatingMethodAccessorImpl.java:43)
	at java.lang.reflect.Method.invoke(Method.java:606)
	at org.junit.runners.model.FrameworkMethod$1.runReflectiveCall(FrameworkMethod.java:50)
	at org.junit.internal.runners.model.ReflectiveCallable.run(ReflectiveCallable.java:12)
	at org.junit.runners.model.FrameworkMethod.invokeExplosively(FrameworkMethod.java:47)
	at org.junit.internal.runners.statements.RunBefores.evaluate(RunBefores.java:24)
	at linkservice.common.CommonRule$1.evaluate(CommonRule.java:39)
	at linkservice.common.TestLogger$1.evaluate(TestLogger.java:30)
	at org.junit.rules.RunRules.evaluate(RunRules.java:20)
	at org.junit.runners.ParentRunner.run(ParentRunner.java:363)
	at org.apache.maven.surefire.junit4.JUnit4Provider.execute(JUnit4Provider.java:252)
	at org.apache.maven.surefire.junit4.JUnit4Provider.executeTestSet(JUnit4Provider.java:141)
	at org.apache.maven.surefire.junit4.JUnit4Provider.invoke(JUnit4Provider.java:112)
	at sun.reflect.NativeMethodAccessorImpl.invoke0(Native Method)
	at sun.reflect.NativeMethodAccessorImpl.invoke(NativeMethodAccessorImpl.java:57)
	at sun.reflect.DelegatingMethodAccessorImpl.invoke(DelegatingMethodAccessorImpl.java:43)
	at java.lang.reflect.Method.invoke(Method.java:606)
	at org.apache.maven.surefire.util.ReflectionUtils.invokeMethodWithArray(ReflectionUtils.java:189)
	at org.apache.maven.surefire.booter.ProviderFactory$ProviderProxy.invoke(ProviderFactory.java:165)
	at org.apache.maven.surefire.booter.ProviderFactory.invokeProvider(ProviderFactory.java:85)
	at org.apache.maven.surefire.booter.ForkedBooter.runSuitesInProcess(ForkedBooter.java:115)
	at org.apache.maven.surefire.booter.ForkedBooter.main(ForkedBooter.java:75)
Caused by: java.io.FileNotFoundException: _0.cfs
	at org.apache.lucene.store.FSDirectory.fileLength(FSDirectory.java:267)
	at org.apache.lucene.index.SegmentCommitInfo.sizeInBytes(SegmentCommitInfo.java:141)
	at org.apache.lucene.index.MergePolicy.size(MergePolicy.java:513)
	at org.apache.lucene.index.TieredMergePolicy$SegmentByteSizeDescending.compare(TieredMergePolicy.java:240)
	... 39 more

